{"level":"debug","message":"prueba debug"}
{"level":"http","message":"prueba http"}
{"level":"info","message":"prueba info"}
{"level":"warning","message":"prueba warn"}
{"level":"error","message":"prueba error"}
{"level":"debug","message":"prueba debug"}
{"level":"http","message":"prueba http"}
{"level":"info","message":"prueba info"}
{"level":"warning","message":"prueba warn"}
{"level":"error","message":"prueba error"}
{"level":"error","message":"cart not found"}
{"level":"error","message":"invalid credentials"}
{"level":"error","message":"invalid credentials"}
{"level":"error","message":"invalid credentials"}
{"level":"error","message":"product not found"}
{"level":"error","message":"product not found"}
{"level":"error","message":"product not found"}
{"level":"error","message":"product not found"}
{"level":"error","message":"invalid credentials"}
{"level":"error","message":"as a premium user, you cant add to your cart a product that you created"}
{"level":"error","message":"campus incomplete"}
{"level":"info","message":"me conecteeeeeeee"}
{"level":"info","message":"nullya pasamos 1"}
{"level":"info","message":"pasamos validaciones"}
{"level":"info","message":"nullya pasamos 1"}
{"level":"info","message":"pasamos validaciones"}
{"level":"info","message":{"age":18,"cart":"65628cabf7f1d897abfa63c0","email":"cancan@gmail.com","first_name":"Candela","last_name":"Mena","password":"1234","role":"premium"}}
{"level":"info","message":"pasamos validaciones"}
{"level":"info","message":{"age":18,"cart":"65628cabf7f1d897abfa63c0","email":"cancan@gmail.com","first_name":"Candela","last_name":"Mena","password":"1234","role":"premium"}}
{"level":"info","message":"pasamos validaciones"}
{"level":"info","message":{"age":18,"cart":"65628cabf7f1d897abfa63c0","email":"cancan@gmail.com","first_name":"Candela","last_name":"Mena","password":"1234","role":"premium"}}
{"level":"info","message":"pasamos validaciones"}
{"level":"info","message":{"age":18,"cart":"65628cabf7f1d897abfa63c0","email":"cancan@gmail.com","first_name":"Candela","last_name":"Mena","password":"1234","role":"premium"}}
{"level":"info","message":"pasamos validaciones"}
{"level":"info","message":"pasamos registro"}
{"level":"info","message":"pasamos registro"}
{"level":"info","message":"pasamos registro"}
{"level":"error","message":"an user has already registered with this email"}
{"level":"info","message":"pasamos registro"}
{"level":"error","message":"invalid credentials"}
{"level":"error","message":"as a premium user, you cant add to your cart a product that you created"}
{"level":"info","message":"pasamos registro"}
{"level":"error","message":"an user has already registered with this email"}
{"level":"error","message":"an user has already registered with this email"}
{"level":"error","message":"invalid credentials"}
{"level":"error","message":"user not found"}
{"level":"error","message":"user not found"}
{"level":"error","message":"user not found"}
{"level":"error","message":"user not found"}
{"level":"error","message":"user not found"}
{"level":"error","message":"user not found"}
{"level":"error","message":"user not found"}
{"level":"error","message":"user not found"}
{"level":"error","message":"user not found"}
{"level":"info","message":"pasamos registro"}
{"level":"error","message":"user not found"}
{"level":"error","message":"user not found"}
{"level":"error","message":"campus incomplete"}
{"level":"error","message":"campus incomplete"}
{"level":"info","message":null}
{"level":"error","message":"campus incomplete"}
{"level":"info","message":null}
{"level":"error","message":"campus incomplete"}
{"level":"info","message":null}
{"level":"error","message":"campus incomplete"}
{"level":"info","message":null}
{"level":"error","message":"campus incomplete"}
{"level":"info","message":null}
{"level":"info","message":"pasamos registro"}
{"level":"info","message":{"exp":1706576590,"iat":1706572990,"user":{"email":"valentinomena44@gmail.com","password":"$2b$10$Pqx0iv5/K30EnLuo9i2kge8.2iTtfAN5ihPYFBebrZ45D5gLy58GW"}}}
{"level":"info","message":{"email":"valentinomena44@gmail.com","password":"$2b$10$Pqx0iv5/K30EnLuo9i2kge8.2iTtfAN5ihPYFBebrZ45D5gLy58GW"}}
{"level":"info","message":{"email":"valentinomena44@gmail.com","password":"$2b$10$Pqx0iv5/K30EnLuo9i2kge8.2iTtfAN5ihPYFBebrZ45D5gLy58GW"}}
{"level":"error","message":"invalid credentials"}
{"level":"info","message":null}
{"level":"info","message":"pasamos registro"}
{"level":"error","message":"invalid credentials"}
{"level":"error","message":"invalid credentials"}
{"level":"error","message":"invalid credentials"}
{"level":"error","message":"invalid credentials"}
{"level":"error","message":"invalid credentials"}
{"level":"error","message":"invalid credentials"}
{"level":"info","message":"$2b$10$pfrvQ.sUIOxj5iQTqUYqzuhfX3113w/JV293XjY94UJ/Mh2Av.vEm"}
{"level":"error","message":"invalid credentials"}
{"level":"info","message":"$2b$10$pfrvQ.sUIOxj5iQTqUYqzuhfX3113w/JV293XjY94UJ/Mh2Av.vEm"}
{"level":"info","message":"$2b$10$pfrvQ.sUIOxj5iQTqUYqzuhfX3113w/JV293XjY94UJ/Mh2Av.vEm"}
{"level":"info","message":{"__v":0,"_id":"65b840917eb12b5790fbb9d8","age":2,"cart":"65628cabf7f1d897abfa63c0","email":"bosteroman219@gmail.com","password":"$2b$10$pfrvQ.sUIOxj5iQTqUYqzuhfX3113w/JV293XjY94UJ/Mh2Av.vEm","role":"user"}}
{"level":"info","message":"$2b$10$pfrvQ.sUIOxj5iQTqUYqzuhfX3113w/JV293XjY94UJ/Mh2Av.vEm"}
{"level":"info","message":{"__v":0,"_id":"65b840917eb12b5790fbb9d8","age":2,"cart":"65628cabf7f1d897abfa63c0","email":"bosteroman219@gmail.com","password":"$2b$10$pfrvQ.sUIOxj5iQTqUYqzuhfX3113w/JV293XjY94UJ/Mh2Av.vEm","role":"user"}}
{"level":"info","message":"$2b$10$pfrvQ.sUIOxj5iQTqUYqzuhfX3113w/JV293XjY94UJ/Mh2Av.vEm"}
{"level":"info","message":{"__v":0,"_id":"65b840917eb12b5790fbb9d8","age":2,"cart":"65628cabf7f1d897abfa63c0","email":"bosteroman219@gmail.com","password":"$2b$10$pfrvQ.sUIOxj5iQTqUYqzuhfX3113w/JV293XjY94UJ/Mh2Av.vEm","role":"user"}}
{"level":"info","message":"$2b$10$pfrvQ.sUIOxj5iQTqUYqzuhfX3113w/JV293XjY94UJ/Mh2Av.vEm"}
{"level":"info","message":{"__v":0,"_id":"65b840917eb12b5790fbb9d8","age":2,"cart":"65628cabf7f1d897abfa63c0","email":"bosteroman219@gmail.com","password":"$2b$10$pfrvQ.sUIOxj5iQTqUYqzuhfX3113w/JV293XjY94UJ/Mh2Av.vEm","role":"user"}}
{"level":"info","message":"Candemena07"}
{"level":"error","message":"invalid credentials"}
{"level":"info","message":{"__v":0,"_id":"65b840917eb12b5790fbb9d8","age":2,"cart":"65628cabf7f1d897abfa63c0","email":"bosteroman219@gmail.com","password":"$2b$10$pfrvQ.sUIOxj5iQTqUYqzuhfX3113w/JV293XjY94UJ/Mh2Av.vEm","role":"user"}}
{"level":"info","message":"1234"}
{"level":"error","message":"invalid credentials"}
{"level":"info","message":{"__v":0,"_id":"65b840917eb12b5790fbb9d8","age":2,"cart":"65628cabf7f1d897abfa63c0","email":"bosteroman219@gmail.com","password":"$2b$10$pfrvQ.sUIOxj5iQTqUYqzuhfX3113w/JV293XjY94UJ/Mh2Av.vEm","role":"user"}}
{"level":"info","message":"1234"}
{"level":"error","message":"invalid credentials"}
{"level":"info","message":{"__v":0,"_id":"65b840917eb12b5790fbb9d8","age":2,"cart":"65628cabf7f1d897abfa63c0","email":"bosteroman219@gmail.com","password":"$2b$10$pfrvQ.sUIOxj5iQTqUYqzuhfX3113w/JV293XjY94UJ/Mh2Av.vEm","role":"user"}}
{"level":"error","message":"invalid credentials"}
{"level":"info","message":{"__v":0,"_id":"65b840917eb12b5790fbb9d8","age":2,"cart":"65628cabf7f1d897abfa63c0","email":"bosteroman219@gmail.com","password":"$2b$10$pfrvQ.sUIOxj5iQTqUYqzuhfX3113w/JV293XjY94UJ/Mh2Av.vEm","role":"user"}}
{"level":"error","message":"invalid credentials"}
{"level":"info","message":{"__v":0,"_id":"65b840917eb12b5790fbb9d8","age":2,"cart":"65628cabf7f1d897abfa63c0","email":"bosteroman219@gmail.com","password":"$2b$10$pfrvQ.sUIOxj5iQTqUYqzuhfX3113w/JV293XjY94UJ/Mh2Av.vEm","role":"user"}}
{"level":"info","message":"$2b$10$yHcf6M6R5FfBw9AT6/y6jOnObezB9AYfYvl7AFcvWEUTpNJCuXsYmhasheada"}
{"level":"error","message":"invalid credentials"}
{"level":"info","message":{"__v":0,"_id":"65b840917eb12b5790fbb9d8","age":2,"cart":"65628cabf7f1d897abfa63c0","email":"bosteroman219@gmail.com","password":"$2b$10$pfrvQ.sUIOxj5iQTqUYqzuhfX3113w/JV293XjY94UJ/Mh2Av.vEm","role":"user"}}
{"level":"error","message":"invalid credentials"}
{"level":"info","message":{"__v":0,"_id":"65b840917eb12b5790fbb9d8","age":2,"cart":"65628cabf7f1d897abfa63c0","email":"bosteroman219@gmail.com","password":"$2b$10$pfrvQ.sUIOxj5iQTqUYqzuhfX3113w/JV293XjY94UJ/Mh2Av.vEm","role":"user"}}
{"level":"error","message":"invalid credentials"}
{"level":"info","message":{"__v":0,"_id":"65b840917eb12b5790fbb9d8","age":2,"cart":"65628cabf7f1d897abfa63c0","email":"bosteroman219@gmail.com","password":"$2b$10$pfrvQ.sUIOxj5iQTqUYqzuhfX3113w/JV293XjY94UJ/Mh2Av.vEm","role":"user"}}
{"level":"error","message":"cookie not found"}
{"level":"info","message":{"__v":0,"_id":"65b840917eb12b5790fbb9d8","age":2,"cart":"65628cabf7f1d897abfa63c0","email":"bosteroman219@gmail.com","password":"$2b$10$pfrvQ.sUIOxj5iQTqUYqzuhfX3113w/JV293XjY94UJ/Mh2Av.vEm","role":"user"}}
{"level":"info","message":"$2b$10$pfrvQ.sUIOxj5iQTqUYqzuhfX3113w/JV293XjY94UJ/Mh2Av.vEm"}
{"level":"info"}
{"level":"info","message":"$2b$10$pfrvQ.sUIOxj5iQTqUYqzuhfX3113w/JV293XjY94UJ/Mh2Av.vEm"}
{"level":"info","message":false}
{"level":"error","message":"invalid credentials"}
{"level":"info","message":"$2b$10$pfrvQ.sUIOxj5iQTqUYqzuhfX3113w/JV293XjY94UJ/Mh2Av.vEm"}
{"level":"info","message":false}
{"level":"error","message":"invalid credentials"}
{"level":"info","message":"$2b$10$pfrvQ.sUIOxj5iQTqUYqzuhfX3113w/JV293XjY94UJ/Mh2Av.vEm"}
{"level":"error","message":"invalid credentials"}
{"level":"info","message":"$2b$10$pfrvQ.sUIOxj5iQTqUYqzuhfX3113w/JV293XjY94UJ/Mh2Av.vEm"}
{"level":"error","message":"invalid credentials"}
{"level":"info","message":"$2b$10$pfrvQ.sUIOxj5iQTqUYqzuhfX3113w/JV293XjY94UJ/Mh2Av.vEm"}
{"level":"error","message":"invalid credentials"}
{"level":"info","message":"$2b$10$v/VAN.zHuMs4pY1nuKu2pOPKMa43ABipWPLxGoHR8pUFwMbtu74PK"}
{"level":"error","message":"invalid credentials"}
{"level":"info","message":"$2b$10$v/VAN.zHuMs4pY1nuKu2pOPKMa43ABipWPLxGoHR8pUFwMbtu74PK"}
{"level":"error","message":"invalid credentials"}
{"level":"info","message":"$2b$10$v/VAN.zHuMs4pY1nuKu2pOPKMa43ABipWPLxGoHR8pUFwMbtu74PK"}
{"level":"error","message":"invalid credentials"}
{"level":"info","message":"$2b$10$v/VAN.zHuMs4pY1nuKu2pOPKMa43ABipWPLxGoHR8pUFwMbtu74PK"}
{"level":"error","message":"invalid credentials"}
{"level":"info","message":"$2b$10$v/VAN.zHuMs4pY1nuKu2pOPKMa43ABipWPLxGoHR8pUFwMbtu74PK"}
{"level":"error","message":"invalid credentials"}
{"level":"info","message":"$2b$10$v/VAN.zHuMs4pY1nuKu2pOPKMa43ABipWPLxGoHR8pUFwMbtu74PK"}
{"level":"error","message":"invalid credentials"}
{"level":"info","message":"$2b$10$v/VAN.zHuMs4pY1nuKu2pOPKMa43ABipWPLxGoHR8pUFwMbtu74PK"}
{"level":"error","message":"invalid credentials"}
{"level":"info","message":"$2b$10$v/VAN.zHuMs4pY1nuKu2pOPKMa43ABipWPLxGoHR8pUFwMbtu74PK"}
{"level":"error","message":"invalid credentials"}
{"level":"info","message":"$2b$10$v/VAN.zHuMs4pY1nuKu2pOPKMa43ABipWPLxGoHR8pUFwMbtu74PK"}
{"level":"info","message":"Candemena07"}
{"level":"error","message":"invalid credentials"}
{"level":"info","message":"$2b$10$v/VAN.zHuMs4pY1nuKu2pOPKMa43ABipWPLxGoHR8pUFwMbtu74PK"}
{"level":"info","message":"Candemena"}
{"level":"error","message":"invalid credentials"}
{"level":"info","message":"$2b$10$v/VAN.zHuMs4pY1nuKu2pOPKMa43ABipWPLxGoHR8pUFwMbtu74PK"}
{"level":"info","message":"Candemena"}
{"level":"error","message":"invalid credentials"}
{"level":"info","message":"$2b$10$20hb.WLwpLVIBg9PtqWY/evqvawsMob87VhqbLPc2xG12wXROsOHe"}
{"level":"info","message":"Candemena07"}
{"level":"error","message":"invalid credentials"}
{"level":"info","message":"$2b$10$20hb.WLwpLVIBg9PtqWY/evqvawsMob87VhqbLPc2xG12wXROsOHe"}
{"level":"info","message":"1234"}
{"level":"error","message":"invalid credentials"}
{"level":"info","message":"$2b$10$20hb.WLwpLVIBg9PtqWY/evqvawsMob87VhqbLPc2xG12wXROsOHe"}
{"level":"info","message":"Candemena07"}
{"level":"error","message":"invalid credentials"}
{"level":"info","message":"$2b$10$EEo8vYuaiP42PfluFDEEoulqg1e8zzrYhyxW8jtpWVwwnTndO0B0u"}
{"level":"info","message":"12345"}
{"level":"error","message":"invalid credentials"}
{"level":"info","message":"$2b$10$EEo8vYuaiP42PfluFDEEoulqg1e8zzrYhyxW8jtpWVwwnTndO0B0u"}
{"level":"info","message":"12345"}
{"level":"error","message":"invalid credentials"}
{"level":"info","message":"$2b$10$fUJqZQOdqyC15xeQ7RSDsuga4YVOsgi8nhusSHSvF9nraJrOJcova"}
{"level":"info","message":"123456"}
{"level":"error","message":"invalid credentials"}
{"level":"info","message":{"__v":0,"_id":"65b840917eb12b5790fbb9d8","age":2,"cart":"65628cabf7f1d897abfa63c0","email":"bosteroman219@gmail.com","password":"$2b$10$fUJqZQOdqyC15xeQ7RSDsuga4YVOsgi8nhusSHSvF9nraJrOJcova","role":"user"}}
{"level":"info","message":"123456"}
{"level":"error","message":"invalid credentials"}
{"level":"info","message":{"__v":0,"_id":"65b840917eb12b5790fbb9d8","age":2,"cart":"65628cabf7f1d897abfa63c0","email":"bosteroman219@gmail.com","password":"$2b$10$WM/vD4Bm2vA29cBMO8gL3eepFfjGvNAWwTQ0gRYmA5ghiuT1E19nK","role":"user"}}
{"level":"info","message":"1234"}
{"level":"error","message":"invalid credentials"}
{"level":"info","message":{"__v":0,"_id":"65b840917eb12b5790fbb9d8","age":2,"cart":"65628cabf7f1d897abfa63c0","email":"bosteroman219@gmail.com","password":"$2b$10$WM/vD4Bm2vA29cBMO8gL3eepFfjGvNAWwTQ0gRYmA5ghiuT1E19nK","role":"user"}}
{"level":"info","message":"Candemena07"}
{"level":"error","message":"invalid credentials"}
{"level":"info","message":{"__v":0,"_id":"65b840917eb12b5790fbb9d8","age":2,"cart":"65628cabf7f1d897abfa63c0","email":"bosteroman219@gmail.com","password":"$2b$10$WM/vD4Bm2vA29cBMO8gL3eepFfjGvNAWwTQ0gRYmA5ghiuT1E19nK","role":"user"}}
{"level":"info","message":"Candemena07"}
{"level":"error","message":"invalid credentials"}
{"level":"info","message":{"__v":0,"_id":"65b840917eb12b5790fbb9d8","age":2,"cart":"65628cabf7f1d897abfa63c0","email":"bosteroman219@gmail.com","password":"$2b$10$WM/vD4Bm2vA29cBMO8gL3eepFfjGvNAWwTQ0gRYmA5ghiuT1E19nK","role":"user"}}
{"level":"info","message":"1234"}
{"level":"error","message":"invalid credentials"}
{"level":"error","message":"jwt expired"}
{"level":"info","message":"65b840917eb12b5790fbb9d8"}
{"level":"info","message":"65b840917eb12b5790fbb9d8"}
{"level":"info","message":"65b840917eb12b5790fbb9d8"}
{"level":"info","message":"65b840917eb12b5790fbb9d8"}
{"level":"info","message":"65b840917eb12b5790fbb9d8"}
{"level":"info","message":"65b840917eb12b5790fbb9d8"}
{"level":"info","message":"65b840917eb12b5790fbb9d8"}
{"level":"info","message":"65b840917eb12b5790fbb9d8"}
{"level":"info","message":"65b840917eb12b5790fbb9d8"}
{"level":"info","message":"65b840917eb12b5790fbb9d8"}
{"level":"info","message":"65b840917eb12b5790fbb9d8"}
{"level":"info","message":"65b840917eb12b5790fbb9d8"}
{"level":"info","message":"65b840917eb12b5790fbb9d8"}
{"level":"info","message":"65b840917eb12b5790fbb9d8"}
{"level":"info","message":"65b840917eb12b5790fbb9d8"}
{"level":"info","message":{"__v":0,"_id":"65b840917eb12b5790fbb9d8","age":2,"cart":"65628cabf7f1d897abfa63c0","email":"bosteroman219@gmail.com","password":"$2b$10$XpMONFGZ6wCZSG57isBJaunm8Av1RwxWPl01ljnLLOj86BOe5n/2i","role":"user"}}
{"level":"info","message":"Candemena07"}
{"level":"error","message":"invalid credentials"}
{"level":"info","message":{"__v":0,"_id":"65b840917eb12b5790fbb9d8","age":2,"cart":"65628cabf7f1d897abfa63c0","email":"bosteroman219@gmail.com","password":"$2b$10$XpMONFGZ6wCZSG57isBJaunm8Av1RwxWPl01ljnLLOj86BOe5n/2i","role":"user"}}
{"level":"info","message":"Candemena07"}
{"level":"error","message":"invalid credentials"}
{"level":"info","message":{"__v":0,"_id":"65b840917eb12b5790fbb9d8","age":2,"cart":"65628cabf7f1d897abfa63c0","email":"bosteroman219@gmail.com","password":"$2b$10$r.yR2uJwIYggDdD80e4ANuhcQLyoOU.hqrzTFFrFtrilMwbOMfRW2","role":"user"}}
{"level":"info","message":"Candemena07"}
{"level":"error","message":"invalid credentials"}
{"level":"info","message":"[object Object]user 1"}
{"level":"info","message":"[object Object]user 1"}
{"level":"info","message":{"__v":0,"_id":"65b840917eb12b5790fbb9d8","age":2,"cart":"65628cabf7f1d897abfa63c0","email":"bosteroman219@gmail.com","password":"$2b$10$97MjStRqh1v1AyDOX4LBW.cPOuZYUdM8QNAeZrFRNeh2PmfLCy8oa","role":"user"}}
{"level":"info","message":"1234"}
{"level":"error","message":"invalid credentials"}
{"level":"info","message":{"__v":0,"_id":"65b840917eb12b5790fbb9d8","age":2,"cart":"65628cabf7f1d897abfa63c0","email":"bosteroman219@gmail.com","password":"$2b$10$97MjStRqh1v1AyDOX4LBW.cPOuZYUdM8QNAeZrFRNeh2PmfLCy8oa","role":"user"}}
{"level":"info","message":"1234"}
{"level":"error","message":"invalid credentials"}
{"level":"info","message":{"__v":0,"_id":"65b840917eb12b5790fbb9d8","age":2,"cart":"65628cabf7f1d897abfa63c0","email":"bosteroman219@gmail.com","password":"$2b$10$97MjStRqh1v1AyDOX4LBW.cPOuZYUdM8QNAeZrFRNeh2PmfLCy8oa","role":"user"}}
{"level":"info","message":"1234"}
{"level":"error","message":"invalid credentials"}
{"level":"info","message":{"__v":0,"_id":"65b840917eb12b5790fbb9d8","age":2,"cart":"65628cabf7f1d897abfa63c0","email":"bosteroman219@gmail.com","password":"$2b$10$97MjStRqh1v1AyDOX4LBW.cPOuZYUdM8QNAeZrFRNeh2PmfLCy8oa","role":"user"}}
{"level":"info","message":"1234"}
{"level":"error","message":"invalid credentials"}
{"level":"info","message":{"__v":0,"_id":"65b840917eb12b5790fbb9d8","age":2,"cart":"65628cabf7f1d897abfa63c0","email":"bosteroman219@gmail.com","password":"$2b$10$97MjStRqh1v1AyDOX4LBW.cPOuZYUdM8QNAeZrFRNeh2PmfLCy8oa","role":"user"}}
{"level":"info","message":"1234"}
{"level":"error","message":"invalid credentials"}
{"level":"info","message":"[object Object]user 1"}
{"level":"info","message":"[object Object]user 1"}
{"level":"info","message":{"__v":0,"_id":"65b840917eb12b5790fbb9d8","age":2,"cart":"65628cabf7f1d897abfa63c0","email":"bosteroman219@gmail.com","password":"$2b$10$c8aHbiQ4VB3WFRMt2jL15epe/oRrBzAjw9vVbHhTFK0FFMzIAFcKO","role":"user"}}
{"level":"info","message":"1234"}
{"level":"error","message":"invalid credentials"}
{"level":"info","message":"[object Object]user 1"}
{"level":"info","message":"[object Object]user 1"}
{"level":"info","message":{"__v":0,"_id":"65b840917eb12b5790fbb9d8","age":2,"cart":"65628cabf7f1d897abfa63c0","email":"bosteroman219@gmail.com","password":"$2b$10$n3PDCwtVzzHVtc1h4Mefz.qVd5mj3MJk28DDoErztk4O65SZ1XmIG","role":"user"}}
{"level":"info","message":"3344"}
{"level":"error","message":"invalid credentials"}
{"level":"info","message":{"__v":0,"_id":"65b840917eb12b5790fbb9d8","age":2,"cart":"65628cabf7f1d897abfa63c0","email":"bosteroman219@gmail.com","password":"$2b$10$n3PDCwtVzzHVtc1h4Mefz.qVd5mj3MJk28DDoErztk4O65SZ1XmIG","role":"user"}}
{"level":"info","message":"3344"}
{"level":"error","message":"invalid credentials"}
{"level":"info","message":{"__v":0,"_id":"65b840917eb12b5790fbb9d8","age":2,"cart":"65628cabf7f1d897abfa63c0","email":"bosteroman219@gmail.com","password":"$2b$10$n3PDCwtVzzHVtc1h4Mefz.qVd5mj3MJk28DDoErztk4O65SZ1XmIG","role":"user"}}
{"level":"info","message":"3344"}
{"level":"error","message":"invalid credentials"}
{"level":"info","message":{"__v":0,"_id":"65b840917eb12b5790fbb9d8","age":2,"cart":"65628cabf7f1d897abfa63c0","email":"bosteroman219@gmail.com","password":"$2b$10$n3PDCwtVzzHVtc1h4Mefz.qVd5mj3MJk28DDoErztk4O65SZ1XmIG","role":"user"}}
{"level":"info","message":"3344"}
{"level":"error","message":"invalid credentials"}
{"level":"info","message":{"__v":0,"_id":"65b840917eb12b5790fbb9d8","age":2,"cart":"65628cabf7f1d897abfa63c0","email":"bosteroman219@gmail.com","password":"$2b$10$n3PDCwtVzzHVtc1h4Mefz.qVd5mj3MJk28DDoErztk4O65SZ1XmIG","role":"user"}}
{"level":"info","message":"3344"}
{"level":"error","message":"invalid credentials"}
{"level":"info","message":{"__v":0,"_id":"65b840917eb12b5790fbb9d8","age":2,"cart":"65628cabf7f1d897abfa63c0","email":"bosteroman219@gmail.com","password":"$2b$10$n3PDCwtVzzHVtc1h4Mefz.qVd5mj3MJk28DDoErztk4O65SZ1XmIG","role":"user"}}
{"level":"info","message":"3344"}
{"level":"error","message":"invalid credentials"}
{"level":"info","message":{"__v":0,"_id":"65b840917eb12b5790fbb9d8","age":2,"cart":"65628cabf7f1d897abfa63c0","email":"bosteroman219@gmail.com","password":"$2b$10$n3PDCwtVzzHVtc1h4Mefz.qVd5mj3MJk28DDoErztk4O65SZ1XmIG","role":"user"}}
{"level":"info","message":"3344"}
{"level":"error","message":"invalid credentials"}
{"level":"info","message":{"__v":0,"_id":"65b840917eb12b5790fbb9d8","age":2,"cart":"65628cabf7f1d897abfa63c0","email":"bosteroman219@gmail.com","password":"$2b$10$n3PDCwtVzzHVtc1h4Mefz.qVd5mj3MJk28DDoErztk4O65SZ1XmIG","role":"user"}}
{"level":"info","message":"3344"}
{"level":"error","message":"invalid credentials"}
{"level":"info","message":{"__v":0,"_id":"65b840917eb12b5790fbb9d8","age":2,"cart":"65628cabf7f1d897abfa63c0","email":"bosteroman219@gmail.com","password":"$2b$10$n3PDCwtVzzHVtc1h4Mefz.qVd5mj3MJk28DDoErztk4O65SZ1XmIG","role":"user"}}
{"level":"info","message":"3344"}
{"level":"error","message":"invalid credentials"}
{"level":"info","message":{"__v":0,"_id":"65b840917eb12b5790fbb9d8","age":2,"cart":"65628cabf7f1d897abfa63c0","email":"bosteroman219@gmail.com","password":"$2b$10$n3PDCwtVzzHVtc1h4Mefz.qVd5mj3MJk28DDoErztk4O65SZ1XmIG","role":"user"}}
{"level":"info","message":"3344"}
{"level":"error","message":"invalid credentials"}
{"level":"info","message":{"__v":0,"_id":"65b840917eb12b5790fbb9d8","age":2,"cart":"65628cabf7f1d897abfa63c0","email":"bosteroman219@gmail.com","password":"$2b$10$n3PDCwtVzzHVtc1h4Mefz.qVd5mj3MJk28DDoErztk4O65SZ1XmIG","role":"user"}}
{"level":"info","message":"3344"}
{"level":"error","message":"invalid credentials"}
{"level":"info","message":{"__v":0,"_id":"65b840917eb12b5790fbb9d8","age":2,"cart":"65628cabf7f1d897abfa63c0","email":"bosteroman219@gmail.com","password":"$2b$10$n3PDCwtVzzHVtc1h4Mefz.qVd5mj3MJk28DDoErztk4O65SZ1XmIG","role":"user"}}
{"level":"info","message":"3344"}
{"level":"error","message":"invalid credentials"}
{"level":"info","message":"[object Object]user 1"}
{"level":"info","message":"[object Object]user 1"}
{"level":"info","message":"[object Object]user 1"}
{"level":"info","message":{"__v":0,"_id":"65b840917eb12b5790fbb9d8","age":2,"cart":"65628cabf7f1d897abfa63c0","email":"bosteroman219@gmail.com","password":"$2b$10$D9VS/xNr2tuQpTVqOsSDuuCSAqNky.8wCC70yRF/z.R5620GtS64a","role":"user"}}
{"level":"info","message":"3434"}
{"level":"error","message":"invalid credentials"}
{"level":"info","message":{"__v":0,"_id":"65b840917eb12b5790fbb9d8","age":2,"cart":"65628cabf7f1d897abfa63c0","email":"bosteroman219@gmail.com","password":"$2b$10$D9VS/xNr2tuQpTVqOsSDuuCSAqNky.8wCC70yRF/z.R5620GtS64a","role":"user"}}
{"level":"info","message":"3344"}
{"level":"error","message":"invalid credentials"}
{"level":"info","message":{"__v":0,"_id":"65b840917eb12b5790fbb9d8","age":2,"cart":"65628cabf7f1d897abfa63c0","email":"bosteroman219@gmail.com","password":"$2b$10$D9VS/xNr2tuQpTVqOsSDuuCSAqNky.8wCC70yRF/z.R5620GtS64a","role":"user"}}
{"level":"info","message":"3344"}
{"level":"error","message":"invalid credentials"}
{"level":"info","message":{"__v":0,"_id":"65b840917eb12b5790fbb9d8","age":2,"cart":"65628cabf7f1d897abfa63c0","email":"bosteroman219@gmail.com","password":"$2b$10$D9VS/xNr2tuQpTVqOsSDuuCSAqNky.8wCC70yRF/z.R5620GtS64a","role":"user"}}
{"level":"info","message":"3344"}
{"level":"error","message":"invalid credentials"}
{"level":"info","message":{"__v":0,"_id":"65b840917eb12b5790fbb9d8","age":2,"cart":"65628cabf7f1d897abfa63c0","email":"bosteroman219@gmail.com","password":"$2b$10$D9VS/xNr2tuQpTVqOsSDuuCSAqNky.8wCC70yRF/z.R5620GtS64a","role":"user"}}
{"level":"info","message":"1414"}
{"level":"error","message":"invalid credentials"}
{"level":"info","message":{"__v":0,"_id":"65b840917eb12b5790fbb9d8","age":2,"cart":"65628cabf7f1d897abfa63c0","email":"bosteroman219@gmail.com","password":"$2b$10$D9VS/xNr2tuQpTVqOsSDuuCSAqNky.8wCC70yRF/z.R5620GtS64a","role":"user"}}
{"level":"info","message":"1414"}
{"level":"error","message":"invalid credentials"}
{"level":"info","message":{"__v":0,"_id":"65b840917eb12b5790fbb9d8","age":2,"cart":"65628cabf7f1d897abfa63c0","email":"bosteroman219@gmail.com","password":"$2b$10$D9VS/xNr2tuQpTVqOsSDuuCSAqNky.8wCC70yRF/z.R5620GtS64a","role":"user"}}
{"level":"info","message":"1414"}
{"level":"error","message":"invalid credentials"}
{"level":"info","message":{"__v":0,"_id":"65b840917eb12b5790fbb9d8","age":2,"cart":"65628cabf7f1d897abfa63c0","email":"bosteroman219@gmail.com","password":"$2b$10$D9VS/xNr2tuQpTVqOsSDuuCSAqNky.8wCC70yRF/z.R5620GtS64a","role":"user"}}
{"level":"info","message":"1414"}
{"level":"error","message":"invalid credentials"}
{"level":"info","message":{"__v":0,"_id":"65b840917eb12b5790fbb9d8","age":2,"cart":"65628cabf7f1d897abfa63c0","email":"bosteroman219@gmail.com","password":"$2b$10$D9VS/xNr2tuQpTVqOsSDuuCSAqNky.8wCC70yRF/z.R5620GtS64a","role":"user"}}
{"level":"info","message":"1414"}
{"level":"error","message":"invalid credentials"}
{"level":"info","message":{"__v":0,"_id":"65b840917eb12b5790fbb9d8","age":2,"cart":"65628cabf7f1d897abfa63c0","email":"bosteroman219@gmail.com","password":"$2b$10$w0hdEPG8qUyzsZTgdXivju07jzN9ezDgy3G4vg.bD7BRZ6Cly9UoO","role":"user"}}
{"level":"info","message":"2233"}
{"level":"error","message":"invalid credentials"}
{"level":"info","message":{"__v":0,"_id":"65b840917eb12b5790fbb9d8","age":2,"cart":"65628cabf7f1d897abfa63c0","email":"bosteroman219@gmail.com","password":"$2b$10$w0hdEPG8qUyzsZTgdXivju07jzN9ezDgy3G4vg.bD7BRZ6Cly9UoO","role":"user"}}
{"level":"info","message":"2233"}
{"level":"error","message":"invalid credentials"}
{"level":"info","message":{"__v":0,"_id":"65b840917eb12b5790fbb9d8","age":2,"cart":"65628cabf7f1d897abfa63c0","email":"bosteroman219@gmail.com","password":"$2b$10$w0hdEPG8qUyzsZTgdXivju07jzN9ezDgy3G4vg.bD7BRZ6Cly9UoO","role":"user"}}
{"level":"info","message":"2233"}
{"level":"error","message":"invalid credentials"}
{"level":"info","message":{"__v":0,"_id":"65b840917eb12b5790fbb9d8","age":2,"cart":"65628cabf7f1d897abfa63c0","email":"bosteroman219@gmail.com","password":"$2b$10$w0hdEPG8qUyzsZTgdXivju07jzN9ezDgy3G4vg.bD7BRZ6Cly9UoO","role":"user"}}
{"level":"info","message":"2233"}
{"level":"error","message":"invalid credentials"}
{"level":"info","message":{"__v":0,"_id":"65b840917eb12b5790fbb9d8","age":2,"cart":"65628cabf7f1d897abfa63c0","email":"bosteroman219@gmail.com","password":"$2b$10$w0hdEPG8qUyzsZTgdXivju07jzN9ezDgy3G4vg.bD7BRZ6Cly9UoO","role":"user"}}
{"level":"info","message":"2233"}
{"level":"error","message":"invalid credentials"}
